  ExampleAIModule.cpp
     Creating library Release\ExampleAIModule.lib and object Release\ExampleAIModule.exp
  Generating code
  Finished generating code
BWAPI.lib(AIModule.obj) : warning LNK4099: PDB 'bwapilib.pdb' was not found with 'BWAPI.lib(AIModule.obj)' or at 'C:\Users\maxim\Desktop\Starcraft\Starcraft2013\ExampleAIModule\Release\bwapilib.pdb'; linking object as if no debug info
BWAPI.lib(Game.obj) : warning LNK4099: PDB 'bwapilib.pdb' was not found with 'BWAPI.lib(Game.obj)' or at 'C:\Users\maxim\Desktop\Starcraft\Starcraft2013\ExampleAIModule\Release\bwapilib.pdb'; linking object as if no debug info
BWAPI.lib(UnitType.obj) : warning LNK4099: PDB 'bwapilib.pdb' was not found with 'BWAPI.lib(UnitType.obj)' or at 'C:\Users\maxim\Desktop\Starcraft\Starcraft2013\ExampleAIModule\Release\bwapilib.pdb'; linking object as if no debug info
BWAPI.lib(Color.obj) : warning LNK4099: PDB 'bwapilib.pdb' was not found with 'BWAPI.lib(Color.obj)' or at 'C:\Users\maxim\Desktop\Starcraft\Starcraft2013\ExampleAIModule\Release\bwapilib.pdb'; linking object as if no debug info
BWAPI.lib(Unit.obj) : warning LNK4099: PDB 'bwapilib.pdb' was not found with 'BWAPI.lib(Unit.obj)' or at 'C:\Users\maxim\Desktop\Starcraft\Starcraft2013\ExampleAIModule\Release\bwapilib.pdb'; linking object as if no debug info
BWAPI.lib(PositionUnit.obj) : warning LNK4099: PDB 'bwapilib.pdb' was not found with 'BWAPI.lib(PositionUnit.obj)' or at 'C:\Users\maxim\Desktop\Starcraft\Starcraft2013\ExampleAIModule\Release\bwapilib.pdb'; linking object as if no debug info
BWAPI.lib(DamageType.obj) : warning LNK4099: PDB 'bwapilib.pdb' was not found with 'BWAPI.lib(DamageType.obj)' or at 'C:\Users\maxim\Desktop\Starcraft\Starcraft2013\ExampleAIModule\Release\bwapilib.pdb'; linking object as if no debug info
BWAPI.lib(Unitset.obj) : warning LNK4099: PDB 'bwapilib.pdb' was not found with 'BWAPI.lib(Unitset.obj)' or at 'C:\Users\maxim\Desktop\Starcraft\Starcraft2013\ExampleAIModule\Release\bwapilib.pdb'; linking object as if no debug info
BWAPI.lib(Error.obj) : warning LNK4099: PDB 'bwapilib.pdb' was not found with 'BWAPI.lib(Error.obj)' or at 'C:\Users\maxim\Desktop\Starcraft\Starcraft2013\ExampleAIModule\Release\bwapilib.pdb'; linking object as if no debug info
BWAPI.lib(Position.obj) : warning LNK4099: PDB 'bwapilib.pdb' was not found with 'BWAPI.lib(Position.obj)' or at 'C:\Users\maxim\Desktop\Starcraft\Starcraft2013\ExampleAIModule\Release\bwapilib.pdb'; linking object as if no debug info
BWAPI.lib(Filters.obj) : warning LNK4099: PDB 'bwapilib.pdb' was not found with 'BWAPI.lib(Filters.obj)' or at 'C:\Users\maxim\Desktop\Starcraft\Starcraft2013\ExampleAIModule\Release\bwapilib.pdb'; linking object as if no debug info
BWAPI.lib(WeaponType.obj) : warning LNK4099: PDB 'bwapilib.pdb' was not found with 'BWAPI.lib(WeaponType.obj)' or at 'C:\Users\maxim\Desktop\Starcraft\Starcraft2013\ExampleAIModule\Release\bwapilib.pdb'; linking object as if no debug info
BWAPI.lib(Player.obj) : warning LNK4099: PDB 'bwapilib.pdb' was not found with 'BWAPI.lib(Player.obj)' or at 'C:\Users\maxim\Desktop\Starcraft\Starcraft2013\ExampleAIModule\Release\bwapilib.pdb'; linking object as if no debug info
BWAPI.lib(Race.obj) : warning LNK4099: PDB 'bwapilib.pdb' was not found with 'BWAPI.lib(Race.obj)' or at 'C:\Users\maxim\Desktop\Starcraft\Starcraft2013\ExampleAIModule\Release\bwapilib.pdb'; linking object as if no debug info
BWAPI.lib(UpgradeType.obj) : warning LNK4099: PDB 'bwapilib.pdb' was not found with 'BWAPI.lib(UpgradeType.obj)' or at 'C:\Users\maxim\Desktop\Starcraft\Starcraft2013\ExampleAIModule\Release\bwapilib.pdb'; linking object as if no debug info
BWAPI.lib(TechType.obj) : warning LNK4099: PDB 'bwapilib.pdb' was not found with 'BWAPI.lib(TechType.obj)' or at 'C:\Users\maxim\Desktop\Starcraft\Starcraft2013\ExampleAIModule\Release\bwapilib.pdb'; linking object as if no debug info
BWAPI.lib(UnitSizeType.obj) : warning LNK4099: PDB 'bwapilib.pdb' was not found with 'BWAPI.lib(UnitSizeType.obj)' or at 'C:\Users\maxim\Desktop\Starcraft\Starcraft2013\ExampleAIModule\Release\bwapilib.pdb'; linking object as if no debug info
BWAPI.lib(UnitCommand.obj) : warning LNK4099: PDB 'bwapilib.pdb' was not found with 'BWAPI.lib(UnitCommand.obj)' or at 'C:\Users\maxim\Desktop\Starcraft\Starcraft2013\ExampleAIModule\Release\bwapilib.pdb'; linking object as if no debug info
BWAPI.lib(Order.obj) : warning LNK4099: PDB 'bwapilib.pdb' was not found with 'BWAPI.lib(Order.obj)' or at 'C:\Users\maxim\Desktop\Starcraft\Starcraft2013\ExampleAIModule\Release\bwapilib.pdb'; linking object as if no debug info
BWAPI.lib(ExplosionType.obj) : warning LNK4099: PDB 'bwapilib.pdb' was not found with 'BWAPI.lib(ExplosionType.obj)' or at 'C:\Users\maxim\Desktop\Starcraft\Starcraft2013\ExampleAIModule\Release\bwapilib.pdb'; linking object as if no debug info
BWAPI.lib(UnitCommandType.obj) : warning LNK4099: PDB 'bwapilib.pdb' was not found with 'BWAPI.lib(UnitCommandType.obj)' or at 'C:\Users\maxim\Desktop\Starcraft\Starcraft2013\ExampleAIModule\Release\bwapilib.pdb'; linking object as if no debug info
  ExampleAIModule.vcxproj -> C:\Users\maxim\Desktop\Starcraft\Starcraft2013\ExampleAIModule\Release\ExampleAIModule.dll
          1 file(s) copied.
